<?xml version="1.0" encoding="utf-8"?><testsuites name="pytest tests"><testsuite name="pytest" errors="0" failures="0" skipped="0" tests="4" time="0.031" timestamp="2025-07-29T10:16:45.870580+00:00" hostname="a634a79136d7"><testcase classname="test_main" name="test_addition" time="0.001" /><testcase classname="test_main" name="test_raises_error" time="0.000" /><testcase classname="test_main" name="test_add" time="0.000" /><testcase classname="test_main" name="test_add_error" time="0.000" /></testsuite></testsuites>